Build started 6/2/2015 6:13:18 PM.
     1>Project "c:\Users\Juan\documents\visual studio 2013\Projects\Project3\Project3\Project3.vcxproj" on node 2 (Build target(s)).
     1>ClCompile:
         C:\Program Files (x86)\Microsoft Visual Studio 12.0\VC\bin\CL.exe /c /ZI /nologo /W3 /WX- /sdl /Od /Oy- /D _MBCS /Gm /EHsc /RTC1 /MDd /GS /fp:precise /Zc:wchar_t /Zc:forScope /Fo"Debug\\" /Fd"Debug\vc120.pdb" /Gd /TP /analyze- /errorReport:prompt bezier_curve.cpp
         bezier_curve.cpp
     1>c:\users\juan\documents\visual studio 2013\projects\project3\project3\bezier_curve.h(12): error C2039: 'DrawCurve' : is not a member of 'bezier_curve'
                 c:\users\juan\documents\visual studio 2013\projects\project3\project3\bezier_curve.h(3) : see declaration of 'bezier_curve'
     1>Done Building Project "c:\Users\Juan\documents\visual studio 2013\Projects\Project3\Project3\Project3.vcxproj" (Build target(s)) -- FAILED.

Build FAILED.

Time Elapsed 00:00:01.24
